<?xml version="1.0" encoding="utf-8"?><testsuites name="pytest tests"><testsuite name="pytest" errors="0" failures="1" skipped="28" tests="402" time="19.806" timestamp="2026-04-15T21:53:22.734403-07:00" hostname="Kristophers-MacBook-Pro.local"><testcase classname="app.test_api" name="test_server_reachable" time="0.703" /><testcase classname="app.test_api" name="test_get_config" time="0.004" /><testcase classname="app.test_api" name="test_save_config_roundtrip" time="0.007" /><testcase classname="app.test_api" name="test_save_export_config_roundtrip" time="0.008" /><testcase classname="app.test_api" name="test_save_review_prompts_roundtrip" time="0.006" /><testcase classname="app.test_api" name="test_save_attribution_prompts_roundtrip" time="0.006" /><testcase classname="app.test_api" name="test_get_default_prompts" time="0.002" /><testcase classname="app.test_api" name="test_get_config_persists_missing_voice_prompt_default" time="0.002" /><testcase classname="app.test_api" name="test_get_config_persists_missing_temperament_words_default" time="0.002" /><testcase classname="app.test_api" name="test_save_setup_config_roundtrip_temperament_words" time="0.006" /><testcase classname="app.test_api" name="test_upload_file" time="0.000"><skipped type="pytest.skip" message="requires full suite">/Users/kris/pinokio/api/alexandria-audiobook.git/app/test_api.py:218: requires full suite</skipped></testcase><testcase classname="app.test_api" name="test_get_annotated_script" time="0.002" /><testcase classname="app.test_api" name="test_save_script" time="0.000"><skipped type="pytest.skip" message="no annotated script loaded">/Users/kris/pinokio/api/alexandria-audiobook.git/app/test_api.py:218: no annotated script loaded</skipped></testcase><testcase classname="app.test_api" name="test_list_scripts" time="0.002" /><testcase classname="app.test_api" name="test_load_script" time="0.000"><skipped type="pytest.skip" message="no annotated script loaded">/Users/kris/pinokio/api/alexandria-audiobook.git/app/test_api.py:218: no annotated script loaded</skipped></testcase><testcase classname="app.test_api" name="test_delete_script" time="0.000"><skipped type="pytest.skip" message="no annotated script loaded">/Users/kris/pinokio/api/alexandria-audiobook.git/app/test_api.py:218: no annotated script loaded</skipped></testcase><testcase classname="app.test_api" name="test_delete_script_404" time="0.001" /><testcase classname="app.test_api" name="test_get_voices" time="0.004" /><testcase classname="app.test_api" name="test_get_voices_reflects_chunk_store_speaker_updates" time="0.000"><skipped type="pytest.skip" message="covered by router-level in-process test; isolated API server does not observe out-of-process chunk-store writes">/Users/kris/pinokio/api/alexandria-audiobook.git/app/test_api.py:218: covered by router-level in-process test; isolated API server does not observe out-of-process chunk-store writes</skipped></testcase><testcase classname="app.test_api" name="test_save_voice_config" time="0.002" /><testcase classname="app.test_api" name="test_get_chunks" time="0.002" /><testcase classname="app.test_api" name="test_get_chunks_view" time="0.002" /><testcase classname="app.test_api" name="test_get_chunk_chapters" time="0.002" /><testcase classname="app.test_api" name="test_get_single_chunk" time="0.000"><skipped type="pytest.skip" message="no chunks available">/Users/kris/pinokio/api/alexandria-audiobook.git/app/test_api.py:218: no chunks available</skipped></testcase><testcase classname="app.test_api" name="test_get_single_chunk_404" time="0.002" /><testcase classname="app.test_api" name="test_get_single_chunk_audio_ref" time="0.000"><skipped type="pytest.skip" message="no chunks available">/Users/kris/pinokio/api/alexandria-audiobook.git/app/test_api.py:218: no chunks available</skipped></testcase><testcase classname="app.test_api" name="test_update_chunk" time="0.000"><skipped type="pytest.skip" message="no chunks available">/Users/kris/pinokio/api/alexandria-audiobook.git/app/test_api.py:218: no chunks available</skipped></testcase><testcase classname="app.test_api" name="test_update_chunk_404" time="0.002" /><testcase classname="app.test_api" name="test_insert_chunk" time="0.000"><skipped type="pytest.skip" message="no chunks available">/Users/kris/pinokio/api/alexandria-audiobook.git/app/test_api.py:218: no chunks available</skipped></testcase><testcase classname="app.test_api" name="test_insert_chunk_404" time="0.002" /><testcase classname="app.test_api" name="test_delete_chunk" time="0.000"><skipped type="pytest.skip" message="no chunks available">/Users/kris/pinokio/api/alexandria-audiobook.git/app/test_api.py:218: no chunks available</skipped></testcase><testcase classname="app.test_api" name="test_delete_chunk_invalid" time="0.003" /><testcase classname="app.test_api" name="test_restore_chunk" time="0.000"><skipped type="pytest.skip" message="no deleted chunk to restore">/Users/kris/pinokio/api/alexandria-audiobook.git/app/test_api.py:218: no deleted chunk to restore</skipped></testcase><testcase classname="app.test_api" name="test_status_known_tasks" time="0.009" /><testcase classname="app.test_api" name="test_status_unknown_task" time="0.001" /><testcase classname="app.test_api" name="test_voice_design_list" time="0.001" /><testcase classname="app.test_api" name="test_voice_design_delete_404" time="0.001" /><testcase classname="app.test_api" name="test_voice_design_preview" time="0.000"><skipped type="pytest.skip" message="requires full suite">/Users/kris/pinokio/api/alexandria-audiobook.git/app/test_api.py:218: requires full suite</skipped></testcase><testcase classname="app.test_api" name="test_voice_design_save_and_delete" time="0.000"><skipped type="pytest.skip" message="requires full suite">/Users/kris/pinokio/api/alexandria-audiobook.git/app/test_api.py:218: requires full suite</skipped></testcase><testcase classname="app.test_api" name="test_clone_voices_list" time="0.001" /><testcase classname="app.test_api" name="test_clone_voices_upload_bad_format" time="0.002" /><testcase classname="app.test_api" name="test_clone_voices_delete_404" time="0.001" /><testcase classname="app.test_api" name="test_clone_voices_upload_and_delete" time="0.005" /><testcase classname="app.test_api" name="test_lora_list_datasets" time="0.001" /><testcase classname="app.test_api" name="test_lora_delete_dataset_404" time="0.001" /><testcase classname="app.test_api" name="test_lora_upload_bad_file" time="0.002" /><testcase classname="app.test_api" name="test_lora_list_models" time="0.002" /><testcase classname="app.test_api" name="test_lora_download_invalid" time="0.001" /><testcase classname="app.test_api" name="test_lora_delete_model_404" time="0.002" /><testcase classname="app.test_api" name="test_lora_train_bad_dataset" time="0.002" /><testcase classname="app.test_api" name="test_lora_preview_404" time="0.002" /><testcase classname="app.test_api" name="test_lora_preview" time="0.000"><skipped type="pytest.skip" message="requires full suite">/Users/kris/pinokio/api/alexandria-audiobook.git/app/test_api.py:218: requires full suite</skipped></testcase><testcase classname="app.test_api" name="test_dataset_builder_list" time="0.002" /><testcase classname="app.test_api" name="test_dataset_builder_create" time="0.002" /><testcase classname="app.test_api" name="test_dataset_builder_update_meta" time="0.002" /><testcase classname="app.test_api" name="test_dataset_builder_update_rows" time="0.002" /><testcase classname="app.test_api" name="test_dataset_builder_status" time="0.001" /><testcase classname="app.test_api" name="test_dataset_builder_cancel" time="0.001" /><testcase classname="app.test_api" name="test_dataset_builder_save_no_samples" time="0.002" /><testcase classname="app.test_api" name="test_dataset_builder_delete" time="0.002" /><testcase classname="app.test_api" name="test_dataset_builder_delete_404" time="0.001" /><testcase classname="app.test_api" name="test_get_audiobook" time="0.001" /><testcase classname="app.test_api" name="test_get_audacity_export" time="0.001" /><testcase classname="app.test_api" name="test_generate_script" time="0.000"><skipped type="pytest.skip" message="requires full suite">/Users/kris/pinokio/api/alexandria-audiobook.git/app/test_api.py:218: requires full suite</skipped></testcase><testcase classname="app.test_api" name="test_review_script" time="0.000"><skipped type="pytest.skip" message="requires full suite">/Users/kris/pinokio/api/alexandria-audiobook.git/app/test_api.py:218: requires full suite</skipped></testcase><testcase classname="app.test_api" name="test_parse_voices" time="0.000"><skipped type="pytest.skip" message="requires full suite">/Users/kris/pinokio/api/alexandria-audiobook.git/app/test_api.py:218: requires full suite</skipped></testcase><testcase classname="app.test_api" name="test_generate_chunk" time="0.000"><skipped type="pytest.skip" message="requires full suite">/Users/kris/pinokio/api/alexandria-audiobook.git/app/test_api.py:218: requires full suite</skipped></testcase><testcase classname="app.test_api" name="test_generate_batch" time="0.000"><skipped type="pytest.skip" message="requires full suite">/Users/kris/pinokio/api/alexandria-audiobook.git/app/test_api.py:218: requires full suite</skipped></testcase><testcase classname="app.test_api" name="test_generate_batch_scope_request" time="0.000"><skipped type="pytest.skip" message="requires full suite">/Users/kris/pinokio/api/alexandria-audiobook.git/app/test_api.py:218: requires full suite</skipped></testcase><testcase classname="app.test_api" name="test_generate_batch_fast" time="0.000"><skipped type="pytest.skip" message="requires full suite">/Users/kris/pinokio/api/alexandria-audiobook.git/app/test_api.py:218: requires full suite</skipped></testcase><testcase classname="app.test_api" name="test_cancel_audio" time="0.003" /><testcase classname="app.test_api" name="test_export_audacity" time="0.000"><skipped type="pytest.skip" message="requires full suite">/Users/kris/pinokio/api/alexandria-audiobook.git/app/test_api.py:218: requires full suite</skipped></testcase><testcase classname="app.test_api" name="test_lora_test_model" time="0.000"><skipped type="pytest.skip" message="requires full suite">/Users/kris/pinokio/api/alexandria-audiobook.git/app/test_api.py:218: requires full suite</skipped></testcase><testcase classname="app.test_api" name="test_lora_generate_dataset" time="0.000"><skipped type="pytest.skip" message="requires full suite">/Users/kris/pinokio/api/alexandria-audiobook.git/app/test_api.py:218: requires full suite</skipped></testcase><testcase classname="app.test_api" name="test_dataset_builder_generate_sample" time="0.174"><skipped type="pytest.skip" message="requires full suite">/Users/kris/pinokio/api/alexandria-audiobook.git/app/test_api.py:218: requires full suite</skipped></testcase><testcase classname="app.test_audio_queue.AudioQueueMetricsTests" name="test_abandon_audio_job_clears_active_job_and_resets_generating_chunks" time="0.017" /><testcase classname="app.test_audio_queue.AudioQueueMetricsTests" name="test_audio_job_runner_skips_generation_when_only_finalization_remains" time="0.014" /><testcase classname="app.test_audio_queue.AudioQueueMetricsTests" name="test_effective_parallel_workers_clamps_local_mlx_to_one" time="0.002" /><testcase classname="app.test_audio_queue.AudioQueueMetricsTests" name="test_enqueue_preserves_project_metrics_when_restarting_from_idle" time="0.015" /><testcase classname="app.test_audio_queue.AudioQueueMetricsTests" name="test_normalize_restored_audio_job_runtime_requeues_stale_generation_finished_job" time="0.013" /><testcase classname="app.test_audio_queue.AudioQueueMetricsTests" name="test_parallel_success_waits_for_finalize_before_counting_metrics" time="0.058" /><testcase classname="app.test_audio_queue.AudioQueueMetricsTests" name="test_recompute_uses_cumulative_project_average_instead_of_rolling_window" time="0.003" /><testcase classname="app.test_audio_queue.AudioQueueMetricsTests" name="test_refresh_audio_process_state_uses_compact_job_summary" time="0.002" /><testcase classname="app.test_audio_queue.AudioQueueMetricsTests" name="test_refresh_preserves_sample_buffer_for_tracker_updates" time="0.017" /><testcase classname="app.test_audio_queue.AudioQueueMetricsTests" name="test_restored_audio_job_runs_only_pending_indices" time="0.002" /><testcase classname="app.test_audio_queue.AudioQueueMetricsTests" name="test_serialize_audio_job_reconciles_stale_pending_finalize_uids" time="0.002" /><testcase classname="app.test_editor_audio_playback_regression.EditorAudioPlaybackRegressionTests" name="test_editor_compact_player_starts_playback_for_live_project_audio" time="4.497" /><testcase classname="app.test_editor_events.EditorEventsTests" name="test_editor_events_streams_broker_messages" time="0.043" /><testcase classname="app.test_editor_tab_chunk_poll.EditorTabChunkPollTests" name="test_audio_queue_poll_preserves_existing_audio_element_while_generation_runs" time="0.082" /><testcase classname="app.test_editor_tab_chunk_poll.EditorTabChunkPollTests" name="test_cancel_render_refreshes_chunks_and_hides_cancel_button_when_audio_is_idle" time="0.075" /><testcase classname="app.test_editor_tab_chunk_poll.EditorTabChunkPollTests" name="test_editor_chapter_options_rerender_when_only_narrator_label_changes" time="0.082" /><testcase classname="app.test_editor_tab_chunk_poll.EditorTabChunkPollTests" name="test_editor_chapter_options_show_non_default_narrator_label" time="0.076" /><testcase classname="app.test_editor_tab_chunk_poll.EditorTabChunkPollTests" name="test_generate_chunk_keeps_generating_state_during_initial_pending_race" time="0.070" /><testcase classname="app.test_editor_tab_chunk_poll.EditorTabChunkPollTests" name="test_generate_chunk_polls_until_done_without_broad_reload" time="0.067" /><testcase classname="app.test_editor_tab_chunk_poll.EditorTabChunkPollTests" name="test_generate_chunk_polls_until_error_and_restores_button" time="0.065" /><testcase classname="app.test_editor_tab_chunk_poll.EditorTabChunkPollTests" name="test_generate_chunk_prefers_targeted_poll_results_over_stale_broad_state" time="0.067" /><testcase classname="app.test_editor_tab_chunk_poll.EditorTabChunkPollTests" name="test_handle_chunk_audio_error_retries_once_with_fresh_src" time="0.058" /><testcase classname="app.test_editor_tab_chunk_poll.EditorTabChunkPollTests" name="test_load_chunks_full_redraw_preserves_existing_editor_audio_element" time="0.068" /><testcase classname="app.test_editor_tab_chunk_poll.EditorTabChunkPollTests" name="test_load_chunks_full_redraw_uses_chapter_scope_when_cached_project_is_available" time="0.077" /><testcase classname="app.test_editor_tab_chunk_poll.EditorTabChunkPollTests" name="test_narrator_selection_is_saved_before_reload_and_not_reverted" time="0.057" /><testcase classname="app.test_editor_tab_chunk_poll.EditorTabChunkPollTests" name="test_proofread_chapter_options_use_summaries_not_chunk_rows" time="0.075" /><testcase classname="app.test_editor_tab_chunk_poll.EditorTabChunkPollTests" name="test_queued_chunk_updates_apply_after_stale_reload_finishes" time="0.078" /><testcase classname="app.test_editor_tab_chunk_poll.EditorTabChunkPollTests" name="test_regenerate_proofread_chunk_keeps_generating_state_during_initial_pending_race" time="0.068" /><testcase classname="app.test_editor_tab_chunk_poll.EditorTabChunkPollTests" name="test_regenerate_proofread_chunk_uses_targeted_tracker" time="0.066" /><testcase classname="app.test_editor_tab_chunk_poll.EditorTabChunkPollTests" name="test_render_all_surfaces_missing_voice_and_focuses_voice_row" time="0.067" /><testcase classname="app.test_editor_tab_chunk_poll.EditorTabChunkPollTests" name="test_render_editor_progress_bar_uses_whole_book_audio_coverage_summary" time="0.057" /><testcase classname="app.test_editor_tab_chunk_poll.EditorTabChunkPollTests" name="test_sync_narrator_selections_from_backend_replaces_stale_local_entries" time="0.060" /><testcase classname="app.test_editor_tab_chunk_poll.EditorTabChunkPollTests" name="test_update_chunk_row_removes_stale_audio_after_invalidation" time="0.058" /><testcase classname="app.test_editor_tab_chunk_poll.EditorTabChunkPollTests" name="test_update_narrator_selector_does_not_reinsert_disabled_narrator" time="0.057" /><testcase classname="app.test_editor_tab_chunk_poll.EditorTabChunkPollTests" name="test_update_narrator_selector_local_fallback_excludes_disabled_narrator" time="0.058" /><testcase classname="app.test_editor_tab_chunk_poll.EditorTabChunkPollTests" name="test_update_narrator_selector_uses_backend_candidate_order" time="0.058" /><testcase classname="app.test_extract_temperament.BuildTemperamentContextTests" name="test_never_includes_following_paragraphs_and_target_stays_last" time="0.000" /><testcase classname="app.test_extract_temperament.BuildTemperamentContextTests" name="test_prepends_previous_paragraphs_until_minimum_words_reached" time="0.000" /><testcase classname="app.test_extract_temperament.BuildTemperamentContextTests" name="test_stops_when_next_previous_paragraph_would_exceed_budget" time="0.000" /><testcase classname="app.test_extract_temperament.BuildTemperamentContextTests" name="test_uses_only_target_paragraph_when_word_threshold_already_met" time="0.000" /><testcase classname="app.test_factory_prompt_defaults.FactoryPromptDefaultsTests" name="test_load_factory_default_prompts_returns_all_prompt_keys" time="0.000" /><testcase classname="app.test_hf_utils.FetchBuiltinManifestTests" name="test_downloads_manifest_when_local_file_is_missing" time="0.001" /><testcase classname="app.test_hf_utils.FetchBuiltinManifestTests" name="test_prefers_local_manifest_without_hitting_hf" time="0.001" /><testcase classname="app.test_isolated_debug_app.IsolatedDebugOwnershipTests" name="test_claim_harness_ownership_hard_fails_when_live_owner_exists" time="0.001" /><testcase classname="app.test_isolated_debug_app.IsolatedDebugOwnershipTests" name="test_claim_harness_ownership_replaces_stale_owner_file" time="0.001" /><testcase classname="app.test_isolated_debug_app.IsolatedDebugOwnershipTests" name="test_release_harness_ownership_respects_manifest_match" time="0.001" /><testcase classname="app.test_lmstudio_live_llm_endpoints" name="test_live_lmstudio_llm_endpoints_tool_and_json_fallback" time="0.001"><skipped type="pytest.skip" message="LM Studio is not reachable at http://127.0.0.1:1234: HTTPConnectionPool(host='127.0.0.1', port=1234): Max retries exceeded with url: /v1/models (Caused by NewConnectionError(&quot;HTTPConnection(host='127.0.0.1', port=1234): Failed to establish a new connection: [Errno 61] Connection refused&quot;))">/Users/kris/pinokio/api/alexandria-audiobook.git/app/test_lmstudio_live_llm_endpoints.py:113: LM Studio is not reachable at http://127.0.0.1:1234: HTTPConnectionPool(host='127.0.0.1', port=1234): Max retries exceeded with url: /v1/models (Caused by NewConnectionError("HTTPConnection(host='127.0.0.1', port=1234): Failed to establish a new connection: [Errno 61] Connection refused"))</skipped></testcase><testcase classname="app.test_media_static_proxy.MediaStaticProxyTests" name="test_media_static_origin_supports_range_requests_for_voicelines" time="1.678" /><testcase classname="app.test_media_static_proxy.MediaStaticProxyTests" name="test_media_static_origin_waits_until_server_is_ready" time="1.712" /><testcase classname="app.test_media_static_proxy.MediaStaticProxyTests" name="test_voicelines_proxy_falls_back_to_local_static_files" time="0.011" /><testcase classname="app.test_media_static_proxy.MediaStaticProxyTests" name="test_voicelines_proxy_falls_back_to_local_static_files_when_child_server_fails" time="0.004" /><testcase classname="app.test_media_static_proxy.MediaStaticProxyTests" name="test_voicelines_proxy_redirects_to_media_origin" time="0.002" /><testcase classname="app.test_processing_workflow.ProcessingWorkflowTests" name="test_mark_stage_complete_updates_completed_stages" time="0.007" /><testcase classname="app.test_processing_workflow.ProcessingWorkflowTests" name="test_pause_request_marks_state" time="0.005" /><testcase classname="app.test_processing_workflow.ProcessingWorkflowTests" name="test_restore_keeps_valid_paused_processing_state" time="0.005" /><testcase classname="app.test_processing_workflow.ProcessingWorkflowTests" name="test_restore_sanitizes_stale_legacy_pause_snapshot" time="0.005" /><testcase classname="app.test_processing_workflow.ProcessingWorkflowTests" name="test_stage_sequence_respects_toggles" time="0.004" /><testcase classname="app.test_project.ReconcileChunkAudioStatesTests" name="test_get_chunk_audio_ref_promotes_legacy_voiceline_into_runtime_project" time="0.014" /><testcase classname="app.test_project.ReconcileChunkAudioStatesTests" name="test_promotes_pending_chunk_with_valid_audio" time="0.014" /><testcase classname="app.test_project.ReconcileChunkAudioStatesTests" name="test_proofread_batch_commit_preserves_live_generation_token" time="0.012" /><testcase classname="app.test_project.ReconcileChunkAudioStatesTests" name="test_reconciles_error_chunk_with_valid_audio" time="0.011" /><testcase classname="app.test_project.ChunkRuntimeOverlayTests" name="test_disable_narrator_narration_reassigns_effective_narrator_chapters_and_invalidates_audio" time="0.016" /><testcase classname="app.test_project.ChunkRuntimeOverlayTests" name="test_disable_narrator_narration_rejects_without_alternate_narrator" time="0.008" /><testcase classname="app.test_project.ChunkRuntimeOverlayTests" name="test_enqueue_audio_finalize_task_returns_before_ledger_persist_completes" time="0.043" /><testcase classname="app.test_project.ChunkRuntimeOverlayTests" name="test_flush_dirty_chunks_batches_multiple_runtime_updates_into_one_manifest_write" time="0.011" /><testcase classname="app.test_project.ChunkRuntimeOverlayTests" name="test_generate_chunk_audio_uses_stored_auto_narrator_aliases" time="0.031" /><testcase classname="app.test_project.ChunkRuntimeOverlayTests" name="test_generate_chunks_batch_continues_submitting_when_finalizer_is_blocked" time="0.077" /><testcase classname="app.test_project.ChunkRuntimeOverlayTests" name="test_generate_chunks_batch_marks_chunk_finalizing_before_async_saveback" time="0.044" /><testcase classname="app.test_project.ChunkRuntimeOverlayTests" name="test_generate_chunks_batch_only_marks_active_batch_generating" time="0.049" /><testcase classname="app.test_project.ChunkRuntimeOverlayTests" name="test_generate_chunks_batch_recovers_unreported_backend_temp_outputs" time="0.075" /><testcase classname="app.test_project.ChunkRuntimeOverlayTests" name="test_generate_chunks_batch_uses_stored_auto_narrator_aliases" time="0.019" /><testcase classname="app.test_project.ChunkRuntimeOverlayTests" name="test_get_chapter_list_includes_non_default_narrator_label_only" time="0.013" /><testcase classname="app.test_project.ChunkRuntimeOverlayTests" name="test_get_chunk_view_returns_live_single_chunk_without_full_view_assembly" time="0.010" /><testcase classname="app.test_project.ChunkRuntimeOverlayTests" name="test_groups_indices_by_resolved_speaker" time="0.009" /><testcase classname="app.test_project.ChunkRuntimeOverlayTests" name="test_groups_indices_by_resolved_speaker_case_insensitive_keys" time="0.010" /><testcase classname="app.test_project.ChunkRuntimeOverlayTests" name="test_idle_finalizer_does_not_poll_script_store_claims" time="0.319" /><testcase classname="app.test_project.ChunkRuntimeOverlayTests" name="test_invalidate_chunk_audio_indices_clears_stale_runtime_overlay" time="0.020" /><testcase classname="app.test_project.ChunkRuntimeOverlayTests" name="test_load_chunks_view_can_scope_to_a_single_chapter" time="0.014" /><testcase classname="app.test_project.ChunkRuntimeOverlayTests" name="test_load_chunks_view_is_not_blocked_by_slow_flush" time="0.013" /><testcase classname="app.test_project.ChunkRuntimeOverlayTests" name="test_load_chunks_view_reflects_runtime_overlay_before_flush" time="0.011" /><testcase classname="app.test_project.ChunkRuntimeOverlayTests" name="test_load_chunks_view_repairs_selected_chapter_narrator_narrates_flag" time="0.011" /><testcase classname="app.test_project.ChunkRuntimeOverlayTests" name="test_preview_voice_config_invalidation_resolves_once_per_generated_speaker" time="0.010" /><testcase classname="app.test_project.ChunkRuntimeOverlayTests" name="test_rank_chapter_narration_candidates_excludes_narrator_when_disabled" time="0.009" /><testcase classname="app.test_project.ChunkRuntimeOverlayTests" name="test_rank_chapter_narration_candidates_matches_editor_mention_sorting" time="0.010" /><testcase classname="app.test_project.ChunkRuntimeOverlayTests" name="test_recovers_interrupted_generating_chunk_with_valid_audio" time="0.011" /><testcase classname="app.test_project.ChunkRuntimeOverlayTests" name="test_reset_generating_chunks_clears_runtime_overlay" time="0.011" /><testcase classname="app.test_project.ChunkRuntimeOverlayTests" name="test_resolve_generation_speaker_routes_alias_to_chapter_narrator_override" time="0.008" /><testcase classname="app.test_project.ChunkRuntimeOverlayTests" name="test_resolve_generation_speaker_routes_thresholded_lines_to_chapter_narrator_override" time="0.010" /><testcase classname="app.test_project.ChunkRuntimeOverlayTests" name="test_resolve_voice_speaker_applies_narrator_threshold" time="0.010" /><testcase classname="app.test_project.ChunkRuntimeOverlayTests" name="test_resolve_voice_speaker_manual_alias_overrides_narrator_threshold" time="0.008" /><testcase classname="app.test_project.ChunkRuntimeOverlayTests" name="test_resolve_voice_speaker_manual_alias_to_thresholded_target_uses_stored_narrator_alias" time="0.009" /><testcase classname="app.test_project.ChunkRuntimeOverlayTests" name="test_restores_persisted_audio_finalize_tasks_on_restart" time="0.078" /><testcase classname="app.test_project.ChunkRuntimeOverlayTests" name="test_script_store_finalize_queue_claim_complete_cycle" time="0.011" /><testcase classname="app.test_project.ChunkRuntimeOverlayTests" name="test_sync_chunks_from_script_if_stale_preserves_matching_chunk_uid_state" time="0.011" /><testcase classname="app.test_project.ChunkRuntimeOverlayTests" name="test_sync_chunks_from_script_if_stale_preserves_sentence_level_entries_with_paragraph_ids" time="0.010" /><testcase classname="app.test_project.ChunkRuntimeOverlayTests" name="test_sync_chunks_from_script_if_stale_rebuilds_when_script_is_newer" time="0.010" /><testcase classname="app.test_project.ChunkRuntimeOverlayTests" name="test_sync_chunks_from_script_if_stale_refuses_to_discard_generated_audio" time="0.009" /><testcase classname="app.test_project.ChunkRuntimeOverlayTests" name="test_sync_chunks_from_script_if_stale_skips_when_chunks_are_current" time="0.010" /><testcase classname="app.test_project.ChunkRuntimeOverlayTests" name="test_validate_generation_voice_targets_reports_missing_voice_selection" time="0.010" /><testcase classname="app.test_project.ChunkBackupTests" name="test_chunk_backups_keep_latest_and_preserve_most_audio_version" time="0.009" /><testcase classname="app.test_project.TranscriptionCacheTests" name="test_auto_regen_retry_attempts_disables_on_zero_or_invalid" time="0.006" /><testcase classname="app.test_project.TranscriptionCacheTests" name="test_auto_regen_retry_attempts_uses_positive_config_value" time="0.007" /><testcase classname="app.test_project.TranscriptionCacheTests" name="test_build_voice_suggestion_prompt_places_prompt_after_context" time="0.006" /><testcase classname="app.test_project.TranscriptionCacheTests" name="test_collect_voice_suggestion_context_uses_story_order_and_target_chars" time="0.006" /><testcase classname="app.test_project.TranscriptionCacheTests" name="test_load_chunks_preserves_corrupt_file_instead_of_regenerating" time="0.006" /><testcase classname="app.test_project.TranscriptionCacheTests" name="test_render_prep_flag_persists_in_state" time="0.005" /><testcase classname="app.test_project.TranscriptionCacheTests" name="test_resets_interrupted_generating_chunk_without_valid_audio" time="0.008" /><testcase classname="app.test_project.TranscriptionCacheTests" name="test_transcribe_audio_path_reuses_cache_for_matching_filename_and_filesize" time="0.008" /><testcase classname="app.test_project.TranscriptionCacheTests" name="test_transcribe_audio_path_reuses_cached_transcript_for_same_file" time="0.006" /><testcase classname="app.test_project.TranscriptionCacheTests" name="test_voice_suggestion_falls_back_to_chunks_when_source_missing" time="0.007" /><testcase classname="app.test_project.MergeAudioTests" name="test_delete_and_restore_use_stable_uid" time="0.009" /><testcase classname="app.test_project.MergeAudioTests" name="test_load_chunks_backfills_stable_uids_for_legacy_rows" time="0.007" /><testcase classname="app.test_project.MergeAudioTests" name="test_merge_audio_fails_when_normalization_fails" time="0.155" /><testcase classname="app.test_project.MergeAudioTests" name="test_merge_audio_reports_progress_and_creates_mp3" time="0.152" /><testcase classname="app.test_project.MergeAudioTests" name="test_merge_m4b_normalizes_temp_audio_before_encode" time="0.055" /><testcase classname="app.test_project.MergeAudioTests" name="test_optimized_export_creates_ordered_zip_parts" time="0.422" /><testcase classname="app.test_project.MergeAudioTests" name="test_optimized_export_normalizes_each_part" time="0.410" /><testcase classname="app.test_project.MergeAudioTests" name="test_optimized_export_surfaces_mp3_failure_without_wav_fallback" time="0.134" /><testcase classname="app.test_project.MergeAudioTests" name="test_repair_legacy_chunk_order_rewrites_chunks_from_editor_order" time="0.009" /><testcase classname="app.test_project.MergeAudioTests" name="test_trim_cache_persists_and_is_reused" time="0.057" /><testcase classname="app.test_project.MergeAudioTests" name="test_trim_disabled_uses_original_audio_paths" time="0.009" /><testcase classname="app.test_project.MergeAudioTests" name="test_trim_disabled_via_config_ignores_existing_trim_cache" time="0.024" /><testcase classname="app.test_project.MergeAudioTests" name="test_trim_guard_discards_longer_than_original_result" time="0.051" /><testcase classname="app.test_project.MergeAudioTests" name="test_trim_real_clip_refines_start_edge_for_assembly" time="0.008"><skipped type="pytest.skip" message="Real sample clip not found: voicelines/voiceline_f7a3ab93afc94813b75c02d2240cd6b3_narrator.mp3">/Users/kris/pinokio/api/alexandria-audiobook.git/app/test_project.py:2563: Real sample clip not found: voicelines/voiceline_f7a3ab93afc94813b75c02d2240cd6b3_narrator.mp3</skipped></testcase><testcase classname="app.test_project.MergeAudioTests" name="test_trim_real_title_clip_does_not_gain_loud_tail" time="0.007"><skipped type="pytest.skip" message="Real sample clip not found: voicelines/voiceline_e68a7990dac94b1db5679449c69ccfb8_narrator.mp3">/Users/kris/pinokio/api/alexandria-audiobook.git/app/test_project.py:2483: Real sample clip not found: voicelines/voiceline_e68a7990dac94b1db5679449c69ccfb8_narrator.mp3</skipped></testcase><testcase classname="app.test_project.MergeAudioTests" name="test_trimmed_cache_only_cuts_boundaries_without_altering_samples" time="0.097" /><testcase classname="app.test_project.DecomposeLongSegmentsTests" name="test_does_not_split_segment_that_already_has_audio" time="0.009" /><testcase classname="app.test_project.DecomposeLongSegmentsTests" name="test_does_not_split_without_sentence_boundaries" time="0.008" /><testcase classname="app.test_project.DecomposeLongSegmentsTests" name="test_limits_to_requested_chapter" time="0.009" /><testcase classname="app.test_project.DecomposeLongSegmentsTests" name="test_recursively_splits_unsynthesized_segments_until_within_limit" time="0.009" /><testcase classname="app.test_project.MergeOrphanSegmentsTests" name="test_does_not_merge_across_chapter_boundaries_in_whole_project_mode" time="0.009" /><testcase classname="app.test_project.MergeOrphanSegmentsTests" name="test_limits_merge_to_requested_chapter" time="0.009" /><testcase classname="app.test_project.MergeOrphanSegmentsTests" name="test_merges_short_segment_with_adjacent_same_speaker_until_threshold" time="0.009" /><testcase classname="app.test_project.MergeOrphanSegmentsTests" name="test_prefers_first_non_empty_instruction_and_can_merge_forward" time="0.009" /><testcase classname="app.test_project.MergeOrphanSegmentsTests" name="test_preserves_exact_chapter_label_when_merging" time="0.009" /><testcase classname="app.test_project.MergeOrphanSegmentsTests" name="test_skips_first_five_samples_of_each_chapter" time="0.009" /><testcase classname="app.test_project.StableAudioFilenameTests" name="test_finalize_generated_audio_uses_chunk_uid_in_filename" time="0.024" /><testcase classname="app.test_project.StableAudioFilenameTests" name="test_inserted_chunk_generation_does_not_collide_with_shifted_chunk_audio" time="0.039" /><testcase classname="app.test_project.InvalidateStaleAudioReferenceTests" name="test_invalidates_duplicate_uid_based_audio_for_nonmatching_chunks" time="0.009" /><testcase classname="app.test_project.InvalidateStaleAudioReferenceTests" name="test_invalidates_noncanonical_duplicate_legacy_audio_references" time="0.009" /><testcase classname="app.test_project.InvalidateStaleAudioReferenceTests" name="test_keeps_unique_legacy_audio_references_even_if_index_has_shifted" time="0.007" /><testcase classname="app.test_project.RepairLostAudioLinksTests" name="test_best_discarded_repair_match_can_use_rare_word_drop" time="0.006" /><testcase classname="app.test_project.RepairLostAudioLinksTests" name="test_clear_proofread_failures_clears_only_failed_graded_audio" time="0.009" /><testcase classname="app.test_project.RepairLostAudioLinksTests" name="test_clear_proofread_failures_keeps_manually_validated_clip" time="0.008" /><testcase classname="app.test_project.RepairLostAudioLinksTests" name="test_compare_proofread_clip_forces_transcript_on_duration_outlier" time="0.010" /><testcase classname="app.test_project.RepairLostAudioLinksTests" name="test_compare_proofread_clip_transcribes_even_on_speaker_mismatch" time="0.011" /><testcase classname="app.test_project.RepairLostAudioLinksTests" name="test_discard_proofread_selection_clears_state_without_transcript" time="0.009" /><testcase classname="app.test_project.RepairLostAudioLinksTests" name="test_discard_proofread_selection_preserves_transcript_for_same_audio" time="0.008" /><testcase classname="app.test_project.RepairLostAudioLinksTests" name="test_discards_clip_when_exact_transcript_matches_multiple_same_speaker_chunks" time="0.010" /><testcase classname="app.test_project.RepairLostAudioLinksTests" name="test_discards_later_duplicate_clip_for_same_unique_chunk" time="0.011" /><testcase classname="app.test_project.RepairLostAudioLinksTests" name="test_discards_unmatched_clip_and_skips_discarded_on_future_runs" time="0.011" /><testcase classname="app.test_project.RepairLostAudioLinksTests" name="test_lost_audio_repair_uses_alias_tolerant_speaker_match" time="0.010" /><testcase classname="app.test_project.RepairLostAudioLinksTests" name="test_manually_validate_proofread_clip_marks_clip_safe" time="0.008" /><testcase classname="app.test_project.RepairLostAudioLinksTests" name="test_manually_validate_proofread_clip_toggles_validated_clip_to_manual_failure" time="0.009" /><testcase classname="app.test_project.RepairLostAudioLinksTests" name="test_prepare_chunk_for_regeneration_removes_old_audio_and_clears_state" time="0.009" /><testcase classname="app.test_project.RepairLostAudioLinksTests" name="test_proofread_auto_fails_large_duration_mismatch_without_asr" time="0.010" /><testcase classname="app.test_project.RepairLostAudioLinksTests" name="test_proofread_auto_reset_preserves_manual_validation" time="0.008" /><testcase classname="app.test_project.RepairLostAudioLinksTests" name="test_proofread_auto_resets_scope_when_everything_is_already_scored" time="0.011" /><testcase classname="app.test_project.RepairLostAudioLinksTests" name="test_proofread_batches_chunk_writes" time="0.011" /><testcase classname="app.test_project.RepairLostAudioLinksTests" name="test_proofread_long_chunk_uses_more_tolerant_duration_gate" time="0.010" /><testcase classname="app.test_project.RepairLostAudioLinksTests" name="test_proofread_reuses_cached_audio_duration_from_audio_validation" time="0.010" /><testcase classname="app.test_project.RepairLostAudioLinksTests" name="test_proofread_reuses_cached_transcript_after_discard" time="0.010" /><testcase classname="app.test_project.RepairLostAudioLinksTests" name="test_proofread_reuses_repair_cached_transcript_from_audio_validation" time="0.010" /><testcase classname="app.test_project.RepairLostAudioLinksTests" name="test_proofread_short_audio_always_runs_asr" time="0.011" /><testcase classname="app.test_project.RepairLostAudioLinksTests" name="test_proofread_similarity_accepts_common_abbreviation_expansions" time="0.006" /><testcase classname="app.test_project.RepairLostAudioLinksTests" name="test_proofread_similarity_ignores_punctuation" time="0.007" /><testcase classname="app.test_project.RepairLostAudioLinksTests" name="test_proofread_uses_alias_tolerant_speaker_match" time="0.011" /><testcase classname="app.test_project.RepairLostAudioLinksTests" name="test_rebuilds_from_exact_transcript_match_anywhere_in_project" time="0.009" /><testcase classname="app.test_project.RepairLostAudioLinksTests" name="test_repair_commit_copies_cached_transcription_to_renamed_uid_path" time="0.009" /><testcase classname="app.test_project.RepairLostAudioLinksTests" name="test_repair_lost_audio_links_batches_rejected_checkpoint_writes" time="0.034" /><testcase classname="app.test_project.RepairLostAudioLinksTests" name="test_repair_lost_audio_links_discarded_retry_ignores_punctuation" time="0.010" /><testcase classname="app.test_project.RepairLostAudioLinksTests" name="test_repair_lost_audio_links_exact_match_ignores_punctuation" time="0.009" /><testcase classname="app.test_project.RepairLostAudioLinksTests" name="test_repair_lost_audio_links_keeps_discarded_clip_when_score_is_below_certainty" time="0.009" /><testcase classname="app.test_project.RepairLostAudioLinksTests" name="test_repair_lost_audio_links_regrades_discarded_clips_when_main_pool_empty" time="0.010" /><testcase classname="app.test_project.RepairLostAudioLinksTests" name="test_repair_lost_audio_links_rejected_only_does_not_reset_existing_assignments" time="0.010" /><testcase classname="app.test_project.RepairLostAudioLinksTests" name="test_update_chunk_clears_proofread_state" time="0.007" /><testcase classname="app.test_project_archive.ProjectArchiveHelpersTests" name="test_allowed_archive_paths_cover_expected_project_content" time="0.009" /><testcase classname="app.test_project_archive.ProjectArchiveHelpersTests" name="test_archive_state_rewrites_uploaded_file_path_relative_to_root" time="0.002" /><testcase classname="app.test_project_archive.ProjectArchiveHelpersTests" name="test_generate_script_rejects_duplicate_start_while_running" time="0.002" /><testcase classname="app.test_project_archive.ProjectArchiveHelpersTests" name="test_generate_script_skip_import_marks_script_complete_without_running" time="0.002" /><testcase classname="app.test_project_archive.ProjectArchiveHelpersTests" name="test_load_script_ignores_stale_audio_running_flag_when_no_job_or_queue" time="0.018" /><testcase classname="app.test_project_archive.ProjectArchiveHelpersTests" name="test_load_script_marks_only_script_stage_complete" time="0.018" /><testcase classname="app.test_project_archive.ProjectArchiveHelpersTests" name="test_load_script_refuses_default_runtime_paths_under_pytest" time="0.010" /><testcase classname="app.test_project_archive.ProjectArchiveHelpersTests" name="test_named_project_archive_restores_through_zip_validation_path" time="0.018" /><testcase classname="app.test_project_archive.ProjectArchiveHelpersTests" name="test_normalize_archive_path_rejects_parent_traversal" time="0.001" /><testcase classname="app.test_project_archive.ProjectArchiveHelpersTests" name="test_project_archive_entries_include_durable_assets_only" time="0.014" /><testcase classname="app.test_project_archive.ProjectArchiveHelpersTests" name="test_project_archive_save_load_preserves_state_and_designed_voice_binding" time="0.029" /><testcase classname="app.test_project_archive.ProjectArchiveHelpersTests" name="test_project_has_generated_audio_requires_existing_chunk_audio" time="0.013" /><testcase classname="app.test_project_archive.ProjectArchiveHelpersTests" name="test_restore_project_archive_merges_reusable_voice_library_and_normalizes_state" time="0.024" /><testcase classname="app.test_project_archive.ProjectArchiveHelpersTests" name="test_restore_project_archive_restores_discarded_pool_and_transcription_cache" time="0.012" /><testcase classname="app.test_project_archive.ProjectArchiveHelpersTests" name="test_run_generate_script_task_clears_downstream_markers_and_marks_script_complete" time="0.003"><failure message="AssertionError: '/var[13 chars]l7s7xyn0gj53cmfgr0s85r80000gn/T/tmp36hv_fiw' != '/var[13 chars]l7s7xyn0gj53cmfgr0s85r80000gn/T/tmp36hv_fiw/uploads/story.epub'&#10;- /var/folders/76/jl7s7xyn0gj53cmfgr0s85r80000gn/T/tmp36hv_fiw&#10;+ /var/folders/76/jl7s7xyn0gj53cmfgr0s85r80000gn/T/tmp36hv_fiw/uploads/story.epub&#10;?                                                             +++++++++++++++++++">self = &lt;test_project_archive.ProjectArchiveHelpersTests testMethod=test_run_generate_script_task_clears_downstream_markers_and_marks_script_complete&gt;

    def test_run_generate_script_task_clears_downstream_markers_and_marks_script_complete(self):
        with tempfile.TemporaryDirectory() as temp_root:
            input_path = os.path.join(temp_root, "uploads", "story.epub")
            os.makedirs(os.path.dirname(input_path), exist_ok=True)
            with open(input_path, "w", encoding="utf-8") as f:
                f.write("story")
            with open(os.path.join(temp_root, "state.json"), "w", encoding="utf-8") as f:
                json.dump(
                    {
                        "input_file_path": input_path,
                        "processing_stage_markers": {
                            "script": {"completed_at": 1},
                            "review": {"completed_at": 2},
                            "sanity": {"completed_at": 3},
                        },
                    },
                    f,
                )
    
            original_root = app_module.ROOT_DIR
            original_run_process = app_module.run_process
            try:
                app_module.ROOT_DIR = temp_root
    
                def fake_run_process(command, task_name, run_id):
                    self.assertEqual(task_name, "script")
                    self.assertEqual(command[-1], input_path)
                    return True
    
                app_module.run_process = fake_run_process
&gt;               self.assertTrue(app_module._run_generate_script_task("run-1"))

app/test_project_archive.py:485: 
_ _ _ _ _ _ _ _ _ _ _ _ _ _ _ _ _ _ _ _ _ _ _ _ _ _ _ _ _ _ _ _ _ _ _ _ _ _ _ _ 
app/app.py:54: in _compat_wrapper
    result = getattr(owner_module, name)(*args, **kwargs)
app/api/shared.py:5045: in _run_generate_script_task
    success = run_process(
app/test_project_archive.py:481: in fake_run_process
    self.assertEqual(command[-1], input_path)
E   AssertionError: '/var[13 chars]l7s7xyn0gj53cmfgr0s85r80000gn/T/tmp36hv_fiw' != '/var[13 chars]l7s7xyn0gj53cmfgr0s85r80000gn/T/tmp36hv_fiw/uploads/story.epub'
E   - /var/folders/76/jl7s7xyn0gj53cmfgr0s85r80000gn/T/tmp36hv_fiw
E   + /var/folders/76/jl7s7xyn0gj53cmfgr0s85r80000gn/T/tmp36hv_fiw/uploads/story.epub
E   ?                                                             +++++++++++++++++++</failure></testcase><testcase classname="app.test_project_archive.ProjectArchiveHelpersTests" name="test_save_script_uses_uploaded_source_name_when_request_name_is_blank" time="0.013" /><testcase classname="app.test_project_archive.ProjectArchiveHelpersTests" name="test_script_ingestion_preflight_warns_when_chunks_match_last_epub_chapter" time="0.009" /><testcase classname="app.test_project_archive.ProjectArchiveHelpersTests" name="test_start_processing_workflow_skips_persisted_completed_stages" time="0.005" /><testcase classname="app.test_project_archive.ProjectArchiveHelpersTests" name="test_unified_delete_removes_project_zip_and_script_companions" time="0.011" /><testcase classname="app.test_project_archive.ProjectArchiveHelpersTests" name="test_unified_list_deduplicates_script_when_project_zip_exists" time="0.010" /><testcase classname="app.test_project_archive.ProjectArchiveHelpersTests" name="test_unified_load_prefers_project_zip_over_script_snapshot" time="0.019" /><testcase classname="app.test_project_archive.ProjectArchiveHelpersTests" name="test_unified_save_uses_project_zip_with_audio_and_removes_script_artifacts" time="0.015" /><testcase classname="app.test_project_archive.ProjectArchiveHelpersTests" name="test_unified_save_uses_project_zip_without_audio_and_removes_script_artifacts" time="0.014" /><testcase classname="app.test_project_contract.ProjectManagerContractTests" name="test_chunks_json_direct_access_is_limited" time="0.990" /><testcase classname="app.test_project_contract.ProjectManagerContractTests" name="test_project_manager_internal_guards" time="0.006" /><testcase classname="app.test_project_contract.ProjectManagerContractTests" name="test_project_manager_method_surface" time="0.000" /><testcase classname="app.test_project_contract.ProjectManagerContractTests" name="test_project_manager_selected_signatures" time="0.000" /><testcase classname="app.test_project_contract.ProjectManagerContractTests" name="test_project_module_exports_expected_symbols" time="0.000" /><testcase classname="app.test_prompt_file_sync.PromptFileSyncTests" name="test_sync_prompt_files_writes_all_labeled_prompt_files" time="0.001" /><testcase classname="app.test_proofread_text_sim" name="test_proofread_text_provider_returns_fixture_hit" time="0.002" /><testcase classname="app.test_proofread_text_sim" name="test_proofread_text_provider_uses_chunk_text_fallback" time="0.001" /><testcase classname="app.test_proofread_text_sim" name="test_proofread_text_provider_raises_on_missing_strict_entry" time="0.001" /><testcase classname="app.test_proofread_text_sim" name="test_transcribe_audio_path_uses_proofread_fixture_without_real_asr" time="0.007" /><testcase classname="app.test_proofread_text_sim" name="test_transcribe_audio_path_falls_back_to_chunk_text_in_test_mode" time="0.008" /><testcase classname="app.test_qwen_local_sim.QwenLocalSimTests" name="test_generate_voice_design_supports_audio_wav_path" time="0.001" /><testcase classname="app.test_script_provider.ScriptProviderTests" name="test_audio_coverage_summary_counts_only_valid_audio" time="0.006" /><testcase classname="app.test_script_provider.ScriptProviderTests" name="test_does_not_bootstrap_store_from_annotated_script_when_db_missing" time="0.006" /><testcase classname="app.test_script_provider.ScriptProviderTests" name="test_does_not_bootstrap_store_from_legacy_chunks_json" time="0.007" /><testcase classname="app.test_script_provider.ScriptProviderTests" name="test_exports_chunks_via_store" time="0.008" /><testcase classname="app.test_script_provider.ScriptProviderTests" name="test_preserve_chunk_state_does_not_reuse_same_uid_between_exact_and_fallback_matches" time="0.005" /><testcase classname="app.test_script_provider.ScriptProviderTests" name="test_resolve_generation_targets_includes_error_rows_when_pending_only" time="0.007" /><testcase classname="app.test_script_repair.ScriptRepairTests" name="test_candidate_repair_allows_small_inserted_boundary_shift_when_missing_drops" time="0.000" /><testcase classname="app.test_script_repair.ScriptRepairTests" name="test_candidate_repair_requires_monotonic_sanity_improvement" time="0.000" /><testcase classname="app.test_script_repair.ScriptRepairTests" name="test_pick_next_target_prefers_merged_replacement_chunks" time="0.000" /><testcase classname="app.test_script_repair.ScriptRepairTests" name="test_repair_chapter_heading_entries_restores_split_heading_without_swallowing_following_entry" time="0.007" /><testcase classname="app.test_script_repair.ScriptRepairTests" name="test_repair_chapter_headings_only_preserves_chunks_when_headings_change" time="0.014" /><testcase classname="app.test_script_repair.ScriptRepairTests" name="test_tokenizer_preserves_digits_in_chapter_titles" time="0.000" /><testcase classname="app.test_script_sanity.ScriptSanityCheckTests" name="test_counts_inserted_script_only_chapter" time="0.000" /><testcase classname="app.test_script_sanity.ScriptSanityCheckTests" name="test_does_not_prune_full_sentence_missing_text" time="0.000" /><testcase classname="app.test_script_sanity.ScriptSanityCheckTests" name="test_ignores_case_punctuation_and_spacing" time="0.000" /><testcase classname="app.test_script_sanity.ScriptSanityCheckTests" name="test_ignores_decorative_dividers_without_english_letters" time="0.000" /><testcase classname="app.test_script_sanity.ScriptSanityCheckTests" name="test_localizes_insertions_and_deletions" time="0.000" /><testcase classname="app.test_script_sanity.ScriptSanityCheckTests" name="test_persists_new_attribution_decisions_and_skips_them_on_retry" time="0.000" /><testcase classname="app.test_script_sanity.ScriptSanityCheckTests" name="test_prunes_short_missing_attribution_phrases" time="0.000" /><testcase classname="app.test_script_sanity.ScriptSanityCheckTests" name="test_replacement_chunks_do_not_exceed_chunk_size" time="0.000" /><testcase classname="app.test_script_store.ScriptStoreTests" name="test_load_replaces_urls_in_existing_document_and_preserves_punctuation" time="0.000" /><testcase classname="app.test_script_store.ScriptStoreTests" name="test_sanity_cache_round_trips" time="0.000" /><testcase classname="app.test_script_store.ScriptStoreTests" name="test_save_replaces_full_urls_in_entry_text" time="0.000" /><testcase classname="app.test_source_document.SourceDocumentEpubTests" name="test_drops_contents_variant_chapter" time="0.001" /><testcase classname="app.test_source_document.SourceDocumentEpubTests" name="test_drops_table_of_contents_chapter" time="0.001" /><testcase classname="app.test_source_document.SourceDocumentEpubTests" name="test_iter_document_paragraphs_preserves_chapter_order" time="0.000" /><testcase classname="app.test_source_document.SourceDocumentEpubTests" name="test_split_text_into_paragraphs_discards_blank_sections" time="0.000" /><testcase classname="app.test_source_document.SourceDocumentDocxTests" name="test_heading_tie_prefers_h1" time="0.056" /><testcase classname="app.test_source_document.SourceDocumentDocxTests" name="test_no_headings_falls_back_to_single_chapter" time="0.016" /><testcase classname="app.test_source_document.SourceDocumentDocxTests" name="test_uses_most_frequent_heading_level_for_chapters" time="0.018" /><testcase classname="app.test_structured_llm_service.StructuredLLMServiceTests" name="test_extract_tool_arguments_from_reasoning_content_tags" time="0.000" /><testcase classname="app.test_structured_llm_service.StructuredLLMServiceTests" name="test_extract_tool_arguments_from_tool_calls" time="0.000" /><testcase classname="app.test_structured_llm_service.StructuredLLMServiceTests" name="test_extract_tool_arguments_returns_none_when_missing" time="0.000" /><testcase classname="app.test_structured_llm_service.StructuredLLMServiceTests" name="test_run_retries_empty_length_tool_response_with_larger_token_budget" time="0.001" /><testcase classname="app.test_task_checkpoint" name="test_save_load_and_clear_checkpoint" time="0.001" /><testcase classname="app.test_task_checkpoint" name="test_build_signature_changes_when_payload_changes" time="0.000" /><testcase classname="app.test_tool_capability_verification.ToolCapabilityVerificationTests" name="test_lm_studio_failure_is_unknown" time="0.002" /><testcase classname="app.test_tool_capability_verification.ToolCapabilityVerificationTests" name="test_lm_studio_matches_loaded_instance_id" time="0.000" /><testcase classname="app.test_tool_capability_verification.ToolCapabilityVerificationTests" name="test_lm_studio_model_load_endpoint_requires_model" time="0.001" /><testcase classname="app.test_tool_capability_verification.ToolCapabilityVerificationTests" name="test_lm_studio_model_load_endpoint_uses_saved_defaults" time="0.001" /><testcase classname="app.test_tool_capability_verification.ToolCapabilityVerificationTests" name="test_lm_studio_model_load_posts_expected_payload" time="0.000" /><testcase classname="app.test_tool_capability_verification.ToolCapabilityVerificationTests" name="test_lm_studio_supported_model_by_key" time="0.000" /><testcase classname="app.test_tool_capability_verification.ToolCapabilityVerificationTests" name="test_lm_studio_unload_all_models_endpoint_uses_saved_defaults" time="0.001" /><testcase classname="app.test_tool_capability_verification.ToolCapabilityVerificationTests" name="test_lm_studio_unload_all_models_unloads_loaded_instances" time="0.001" /><testcase classname="app.test_tool_capability_verification.ToolCapabilityVerificationTests" name="test_lm_studio_unsupported_model_by_display_name" time="0.000" /><testcase classname="app.test_tool_capability_verification.ToolCapabilityVerificationTests" name="test_openrouter_absent_model_is_unsupported" time="0.000" /><testcase classname="app.test_tool_capability_verification.ToolCapabilityVerificationTests" name="test_openrouter_failure_is_unknown" time="0.000" /><testcase classname="app.test_tool_capability_verification.ToolCapabilityVerificationTests" name="test_openrouter_supported_model_match" time="0.000" /><testcase classname="app.test_tts.NormalizeExternalUrlTests" name="test_adds_http_to_bare_host_port" time="0.000" /><testcase classname="app.test_tts.NormalizeExternalUrlTests" name="test_defaults_empty_value" time="0.000" /><testcase classname="app.test_tts.NormalizeExternalUrlTests" name="test_detects_qwen_mlx_http_api" time="0.000" /><testcase classname="app.test_tts.NormalizeExternalUrlTests" name="test_external_url_candidates_include_common_mounts" time="0.000" /><testcase classname="app.test_tts.NormalizeExternalUrlTests" name="test_external_url_candidates_include_redirect_target" time="0.000" /><testcase classname="app.test_tts.NormalizeExternalUrlTests" name="test_generate_voice_design_uses_external_http_api_when_configured" time="0.001" /><testcase classname="app.test_tts.NormalizeExternalUrlTests" name="test_get_clone_prompt_resolves_relative_audio_against_project_root" time="0.001" /><testcase classname="app.test_tts.NormalizeExternalUrlTests" name="test_new_voice_design_preview_path_returns_wav_path" time="0.000" /><testcase classname="app.test_tts.NormalizeExternalUrlTests" name="test_preserves_http_url" time="0.000" /><testcase classname="app.test_tts.NormalizeExternalUrlTests" name="test_rejects_unsupported_scheme" time="0.000" /><testcase classname="app.test_tts.NormalizeExternalUrlTests" name="test_write_base64_audio" time="0.000" /><testcase classname="app.test_tts.LocalBackendResolutionTests" name="test_auto_selects_mlx_on_apple_silicon" time="0.000" /><testcase classname="app.test_tts.LocalBackendResolutionTests" name="test_auto_selects_qwen_on_non_macos" time="0.002" /><testcase classname="app.test_tts.LocalBackendResolutionTests" name="test_explicit_mlx_falls_back_to_qwen_off_apple_silicon" time="0.000" /><testcase classname="app.test_tts.LocalBatchRegressionTests" name="test_local_batch_custom_persists_outputs_for_successful_sub_batch" time="0.510" /><testcase classname="app.test_tts.LocalBatchRegressionTests" name="test_persist_batch_audio_outputs_marks_missing_outputs_as_failed" time="0.001" /><testcase classname="app.test_voice_reuse.SavedVoiceReuseTests" name="test_bulk_voice_description_suggestions_respect_llm_workers" time="0.113" /><testcase classname="app.test_voice_reuse.SavedVoiceReuseTests" name="test_clear_uploaded_voices_clears_only_current_script_assets_and_text" time="0.015" /><testcase classname="app.test_voice_reuse.SavedVoiceReuseTests" name="test_does_not_reuse_saved_voice_for_narrator" time="0.003" /><testcase classname="app.test_voice_reuse.SavedVoiceReuseTests" name="test_get_voices_deduplicates_case_variants" time="0.012" /><testcase classname="app.test_voice_reuse.SavedVoiceReuseTests" name="test_get_voices_does_not_alias_word_fragments" time="0.014" /><testcase classname="app.test_voice_reuse.SavedVoiceReuseTests" name="test_get_voices_does_not_infer_contained_name_alias_on_page_load" time="0.013" /><testcase classname="app.test_voice_reuse.SavedVoiceReuseTests" name="test_get_voices_populates_blank_row_from_project_prefixed_saved_voice" time="0.012" /><testcase classname="app.test_voice_reuse.SavedVoiceReuseTests" name="test_narrator_alias_is_resolved_for_in_project_voice_reuse" time="0.003" /><testcase classname="app.test_voice_reuse.SavedVoiceReuseTests" name="test_run_voice_processing_task_respects_inferred_aliases_from_voice_payload" time="0.010" /><testcase classname="app.test_voice_reuse.SavedVoiceReuseTests" name="test_run_voice_processing_task_suggests_all_before_generation_and_unloads" time="0.064" /><testcase classname="app.test_voice_reuse.SavedVoiceReuseTests" name="test_save_voice_config_with_invalidation_preserves_unsubmitted_voices" time="0.002" /><testcase classname="app.test_voice_reuse.SavedVoiceReuseTests" name="test_saved_voice_reuse_falls_back_to_loaded_project_name_with_exact_speaker_match" time="0.003" /><testcase classname="app.test_voice_reuse.SavedVoiceReuseTests" name="test_saved_voice_reuse_matches_project_prefixed_name_with_exact_suffix" time="0.003" /><testcase classname="app.test_voice_reuse.SavedVoiceReuseTests" name="test_saved_voice_reuse_project_name_fallback_requires_exact_speaker_match" time="0.003" /><testcase classname="app.test_voice_reuse.SavedVoiceReuseTests" name="test_suggest_voice_description_sync_uses_config_path_without_get_config" time="0.004" /><testcase classname="app.test_voice_reuse.SavedVoiceReuseTests" name="test_unload_bulk_voice_generation_endpoint_resets_engine" time="0.002" /><testcase classname="app.test_voice_reuse.SavedVoiceReuseTests" name="test_voice_processing_auto_populates_same_project_reusable_voice" time="0.010" /><testcase classname="app.test_voice_reuse.SavedVoiceReuseTests" name="test_voice_processing_continues_after_single_speaker_failure" time="0.010" /><testcase classname="app.test_voice_reuse.SavedVoiceReuseTests" name="test_voice_processing_does_not_auto_populate_voice_from_other_project" time="0.011" /><testcase classname="app.test_voices_router.VoicesRouterTests" name="test_get_voices_prefers_chunk_snapshot_when_voice_rows_are_empty" time="0.001" /><testcase classname="app.test_voices_tab_save_queue.VoicesTabSaveQueueTests" name="test_alias_change_uses_confirmable_save_flow" time="0.064" /><testcase classname="app.test_voices_tab_save_queue.VoicesTabSaveQueueTests" name="test_alias_input_flushes_confirmable_payload_on_unload" time="0.060" /><testcase classname="app.test_voices_tab_save_queue.VoicesTabSaveQueueTests" name="test_background_confirmation_required_keeps_unsaved_status" time="0.060" /><testcase classname="app.test_voices_tab_save_queue.VoicesTabSaveQueueTests" name="test_disabling_narrator_rechecks_box_when_no_alternate_narrator_exists" time="0.060" /><testcase classname="app.test_voices_tab_save_queue.VoicesTabSaveQueueTests" name="test_disabling_narrator_uses_dedicated_endpoint_and_refreshes_state" time="0.061" /><testcase classname="app.test_voices_tab_save_queue.VoicesTabSaveQueueTests" name="test_generate_outstanding_voices_flushes_bulk_suggestions_before_generation" time="0.063" /><testcase classname="app.test_voices_tab_save_queue.VoicesTabSaveQueueTests" name="test_generate_outstanding_voices_reloads_live_card_state_after_suggestions" time="0.060" /><testcase classname="app.test_voices_tab_save_queue.VoicesTabSaveQueueTests" name="test_generate_voice_prompts_for_invalidation_and_continues" time="0.062" /><testcase classname="app.test_voices_tab_save_queue.VoicesTabSaveQueueTests" name="test_load_voices_restores_scroll_after_rerender_when_data_changes" time="0.076" /><testcase classname="app.test_voices_tab_save_queue.VoicesTabSaveQueueTests" name="test_load_voices_skips_identical_rerender_and_preserves_scroll" time="0.076" /><testcase classname="app.test_voices_tab_save_queue.VoicesTabSaveQueueTests" name="test_save_queues_second_request_while_first_is_in_flight" time="0.061" /><testcase classname="app.test_voices_tab_save_queue.VoicesTabSaveQueueTests" name="test_targeted_alias_save_keeps_other_dirty_voice_rows" time="0.062" /><testcase classname="app.test_voices_tab_save_queue.VoicesTabSaveQueueTests" name="test_threshold_alias_state_uses_backend_auto_alias_target" time="0.058" /><testcase classname="app.test_workflow_entrypoints.WorkflowEntrypointAccessibilityTests" name="test_legacy_processing_dispatch_entrypoints_are_accessible" time="0.019" /><testcase classname="app.test_workflow_entrypoints.WorkflowEntrypointAccessibilityTests" name="test_manual_stage_start_is_blocked_while_new_mode_workflow_active" time="0.012" /><testcase classname="app.test_workflow_entrypoints.WorkflowEntrypointAccessibilityTests" name="test_new_mode_create_script_stage_passes_saved_script_max_length" time="0.018" /><testcase classname="app.test_workflow_entrypoints.WorkflowEntrypointAccessibilityTests" name="test_new_mode_stage_entrypoints_are_accessible" time="0.016" /><testcase classname="app.test_workflow_entrypoints.WorkflowEntrypointAccessibilityTests" name="test_pipeline_step_status_treats_existing_script_project_as_complete_without_paragraphs" time="0.020" /><testcase classname="app.test_workflow_entrypoints.WorkflowEntrypointAccessibilityTests" name="test_reset_new_mode_can_preserve_voice_config_while_clearing_script_and_clips" time="0.020" /><testcase classname="app.test_workflow_entrypoints.WorkflowEntrypointAccessibilityTests" name="test_reset_new_mode_deletes_voice_config_when_not_preserved" time="0.019" /><testcase classname="app.test_workflow_entrypoints.WorkflowEntrypointAccessibilityTests" name="test_reset_new_mode_refuses_default_runtime_voicelines_under_pytest" time="0.010" /><testcase classname="app.test_workflow_entrypoints.WorkflowEntrypointAccessibilityTests" name="test_reset_project_clears_db_runtime_artifacts_and_reinitializes_store" time="0.016" /><testcase classname="app.test_workflow_entrypoints.WorkflowEntrypointAccessibilityTests" name="test_restore_new_mode_workflow_forces_complete_when_script_project_exists" time="0.021" /><testcase classname="app.test_workflow_entrypoints.WorkflowEntrypointAccessibilityTests" name="test_restore_new_mode_workflow_ignores_stale_completed_list_when_markers_show_complete" time="0.513" /><testcase classname="app.test_workflow_entrypoints.WorkflowEntrypointAccessibilityTests" name="test_script_info_reports_voice_state_without_script_file" time="0.016" /><testcase classname="app.test_workflow_entrypoints.WorkflowEntrypointAccessibilityTests" name="test_standalone_create_script_marks_new_mode_stage_complete" time="0.014" /><testcase classname="app.test_workflow_entrypoints.LegacyCliRedirectTests" name="test_cancel_audio_clears_persisted_queue_state_file_even_when_idle" time="0.129" /><testcase classname="app.test_workflow_entrypoints.LegacyCliRedirectTests" name="test_create_script_legacy_file_args_import_into_project_store" time="0.065" /><testcase classname="app.test_workflow_entrypoints.LegacyCliRedirectTests" name="test_process_paragraphs_legacy_output_path_redirects_into_project_store" time="0.065" /><testcase classname="app.test_workflow_entrypoints.LegacyCliRedirectTests" name="test_restore_job_progress_skips_chunks_with_valid_audio_even_if_status_pending" time="0.003" /><testcase classname="app.test_workflow_entrypoints.LegacyCliRedirectTests" name="test_start_new_mode_workflow_uses_stage_markers_to_skip_script_pipeline" time="0.005" /><testcase classname="app.test_workflow_entrypoints.LegacyCliRedirectTests" name="test_sync_from_script_if_stale_skips_while_audio_running" time="0.007" /></testsuite></testsuites>