<?xml version="1.0" encoding="utf-8"?><testsuites name="pytest tests"><testsuite name="pytest" errors="0" failures="4" skipped="0" tests="12" time="440.272" timestamp="2026-04-15T21:59:03.143873-07:00" hostname="Kristophers-MacBook-Pro.local"><testcase classname="app.test_e2e_editor_audio_fixture_replay" name="test_editor_audio_fixture_replay" time="73.762"><failure message="AssertionError: script error: Error: No script entries generated&#10;assert not True&#10; +  where True = &lt;built-in method startswith of str object at 0x10d1d9050&gt;('Error:')&#10; +    where &lt;built-in method startswith of str object at 0x10d1d9050&gt; = 'Error: No script entries generated'.startswith">def test_editor_audio_fixture_replay():
        fixtures_dir = os.path.join(SOURCE_APP_DIR, "test_fixtures", "e2e_sim")
        script_fixture = os.path.join(fixtures_dir, "lmstudio_generate_script_test_book.json")
        voice_manifest = os.path.join(fixtures_dir, "voice_profiles_test_book_manifest.json")
        qwen_fixture = os.path.join(fixtures_dir, "qwen_local_editor_audio_test_book.json")
        editor_manifest = os.path.join(fixtures_dir, "editor_audio_test_book_manifest.json")
        book_path = os.path.join(SOURCE_APP_DIR, "test_fixtures", "files", "test_book.epub")
    
        assert os.path.exists(script_fixture), f"Missing fixture: {script_fixture}"
        assert os.path.exists(voice_manifest), f"Missing fixture: {voice_manifest}"
        assert os.path.exists(qwen_fixture), f"Missing fixture: {qwen_fixture}"
        assert os.path.exists(editor_manifest), f"Missing fixture: {editor_manifest}"
        assert os.path.exists(book_path), f"Missing source: {book_path}"
    
        with open(script_fixture, "r", encoding="utf-8") as handle:
            script_payload = json.load(handle)
        with open(editor_manifest, "r", encoding="utf-8") as handle:
            editor_payload = json.load(handle)
    
        script_model = str(((script_payload.get("metadata") or {}).get("model_name") or "").strip())
        expected_line_count = int(editor_payload.get("line_count") or 0)
        assert script_model
        assert expected_line_count &gt; 0
    
        with tempfile.TemporaryDirectory(prefix="threadspeak_editor_audio_report_") as report_root:
            qwen_report = os.path.join(report_root, "qwen-report.json")
    
            with LMStudioSimServer(script_fixture) as script_server:
                with _IsolatedServer(
                    env_overrides={
                        "THREADSPEAK_E2E_SIM_ENABLED": "1",
                        "THREADSPEAK_E2E_QWEN_FIXTURE": qwen_fixture,
                        "THREADSPEAK_E2E_QWEN_REPORT_PATH": qwen_report,
                        "THREADSPEAK_E2E_SIM_STRICT": "1",
                    }
                ) as app_server:
                    assert app_server.layout is not None
    
                    setup_script = {
                        "llm": {
                            "base_url": f"{script_server.base_url}/v1",
                            "api_key": "local",
                            "model_name": script_model,
                            "llm_workers": 1,
                        },
                        "tts": {
                            "mode": "local",
                            "local_backend": "qwen",
                            "device": "cpu",
                            "language": "English",
                            "parallel_workers": 1,
                        },
                        "generation": {
                            "chunk_size": 600,
                            "max_tokens": 1024,
                            "temperature": 0.2,
                            "top_p": 0.9,
                            "top_k": 20,
                            "min_p": 0.0,
                            "presence_penalty": 0.0,
                            "banned_tokens": [],
                        },
                    }
                    response = requests.post(f"{app_server.base_url}/api/config/setup", json=setup_script, timeout=60)
                    _assert_status(response, 200, "setup script phase")
                    _sync_scripts_config(app_server.base_url, app_server.app_dir, setup_script)
    
                    with open(book_path, "rb") as handle:
                        files = {"file": ("test_book.epub", io.BytesIO(handle.read()), "application/epub+zip")}
                        upload_response = requests.post(f"{app_server.base_url}/api/upload", files=files, timeout=120)
                    _assert_status(upload_response, 200, "upload")
    
                    start_response = requests.post(f"{app_server.base_url}/api/generate_script", json={}, timeout=60)
                    _assert_status(start_response, 200, "start generate script")
                    script_status = _poll_task(app_server.base_url, "script")
                    logs = [str(item) for item in (script_status or {}).get("logs") or []]
                    for line in logs:
                        lower = line.lower()
&gt;                       assert not line.startswith("Error:"), f"script error: {line}"
E                       AssertionError: script error: Error: No script entries generated
E                       assert not True
E                        +  where True = &lt;built-in method startswith of str object at 0x10d1d9050&gt;('Error:')
E                        +    where &lt;built-in method startswith of str object at 0x10d1d9050&gt; = 'Error: No script entries generated'.startswith

app/test_e2e_editor_audio_fixture_replay.py:311: AssertionError</failure></testcase><testcase classname="app.test_e2e_full_harness_fixture_replay" name="test_full_harness_fixtures_replay" time="76.069"><failure message="AssertionError: start editor generate_batch expected HTTP 200, got 400. body={&quot;detail&quot;:&quot;No non-empty chunks matched the requested scope&quot;}">def test_full_harness_fixtures_replay():
        fixtures_dir = os.path.join(SOURCE_APP_DIR, "test_fixtures", "e2e_sim")
        harness_path = os.path.join(fixtures_dir, "full_e2e_test_book_harness.json")
        voice_manifest_path = os.path.join(fixtures_dir, "voice_profiles_test_book_manifest.json")
        book_path = os.path.join(SOURCE_APP_DIR, "test_fixtures", "files", "test_book.epub")
    
        assert os.path.exists(harness_path), f"Missing harness: {harness_path}"
        assert os.path.exists(voice_manifest_path), f"Missing voice manifest: {voice_manifest_path}"
        assert os.path.exists(book_path), f"Missing source book: {book_path}"
    
        with open(harness_path, "r", encoding="utf-8") as handle:
            harness = json.load(handle)
    
        script_lm_fixture = os.path.join(SOURCE_REPO_DIR, harness["phases"]["generate_script"]["lm_fixture"])
        voice_lm_fixture = os.path.join(SOURCE_REPO_DIR, harness["phases"]["voice_profiles"]["lm_fixture"])
        qwen_fixture = os.path.join(SOURCE_REPO_DIR, harness["phases"]["editor_audio"]["qwen_fixture"])
        proofread_text_fixture = os.path.join(SOURCE_REPO_DIR, harness["phases"]["proofread"]["text_fixture"])
    
        assert os.path.exists(script_lm_fixture)
        assert os.path.exists(voice_lm_fixture)
        assert os.path.exists(qwen_fixture)
        assert os.path.exists(proofread_text_fixture)
    
        script_model = str(harness["phases"]["generate_script"]["model_name"])
        voice_model = str(harness["phases"]["voice_profiles"]["model_name"])
        assert script_model
        assert voice_model
    
        with open(voice_manifest_path, "r", encoding="utf-8") as handle:
            voice_manifest = json.load(handle)
        speakers = [str(value).strip() for value in (voice_manifest.get("speakers") or []) if str(value).strip()]
        assert speakers
    
        with tempfile.TemporaryDirectory(prefix="threadspeak_full_harness_report_") as report_root:
            qwen_report = os.path.join(report_root, "qwen-report.json")
    
            with LMStudioSimServer(script_lm_fixture) as script_server:
                with LMStudioSimServer(voice_lm_fixture) as voice_server:
                    with _IsolatedServer(
                        env_overrides={
                            "THREADSPEAK_E2E_SIM_ENABLED": "1",
                            "THREADSPEAK_E2E_QWEN_FIXTURE": qwen_fixture,
                            "THREADSPEAK_E2E_QWEN_REPORT_PATH": qwen_report,
                            "THREADSPEAK_E2E_PROOFREAD_FIXTURE": proofread_text_fixture,
                            "THREADSPEAK_E2E_PROOFREAD_FALLBACK": "chunk_text",
                            "THREADSPEAK_E2E_SIM_STRICT": "1",
                        }
                    ) as app_server:
                        # Phase 1: Generate Script
                        setup_script = {
                            "llm": {
                                "base_url": f"{script_server.base_url}/v1",
                                "api_key": "local",
                                "model_name": script_model,
                                "llm_workers": 1,
                            },
                            "tts": {
                                "mode": "local",
                                "local_backend": "qwen",
                                "device": "cpu",
                                "language": "English",
                                "parallel_workers": 1,
                            },
                            "generation": {
                                "chunk_size": 600,
                                "max_tokens": 1024,
                                "temperature": 0.2,
                                "top_p": 0.9,
                                "top_k": 20,
                                "min_p": 0.0,
                                "presence_penalty": 0.0,
                                "banned_tokens": [],
                            },
                        }
                        response = requests.post(f"{app_server.base_url}/api/config/setup", json=setup_script, timeout=60)
                        _assert_status(response, 200, "setup script phase")
                        _sync_scripts_config(app_server.base_url, app_server.app_dir, setup_script)
    
                        with open(book_path, "rb") as handle:
                            files = {"file": ("test_book.epub", io.BytesIO(handle.read()), "application/epub+zip")}
                            upload_response = requests.post(f"{app_server.base_url}/api/upload", files=files, timeout=120)
                        _assert_status(upload_response, 200, "upload")
    
                        start_response = requests.post(f"{app_server.base_url}/api/generate_script", json={}, timeout=60)
                        _assert_status(start_response, 200, "start generate script")
                        _poll_task(app_server.base_url, "script")
    
                        # Phase 2: Character generation
                        setup_voice = {
                            "llm": {
                                "base_url": f"{voice_server.base_url}/v1",
                                "api_key": "local",
                                "model_name": voice_model,
                                "llm_workers": 1,
                            },
                            "tts": {
                                "mode": "local",
                                "local_backend": "qwen",
                                "device": "cpu",
                                "language": "English",
                                "parallel_workers": 1,
                            },
                            "generation": {
                                "max_tokens": 1024,
                            },
                        }
                        response = requests.post(f"{app_server.base_url}/api/config/setup", json=setup_voice, timeout=60)
                        _assert_status(response, 200, "setup voice phase")
    
                        suggestion_response = requests.post(
                            f"{app_server.base_url}/api/voices/suggest_descriptions_bulk",
                            json={"speakers": speakers},
                            timeout=300,
                        )
                        _assert_status(suggestion_response, 200, "bulk suggest")
                        suggestion_payload = suggestion_response.json()
                        results = list(suggestion_payload.get("results") or [])
                        failures = list(suggestion_payload.get("failures") or [])
                        assert not failures
                        assert len(results) == len(speakers)
    
                        by_speaker = {
                            str(item.get("speaker") or "").strip(): str(item.get("voice") or "").strip()
                            for item in results
                            if str(item.get("speaker") or "").strip()
                        }
    
                        with open(voice_manifest_path, "r", encoding="utf-8") as handle:
                            voice_manifest_data = json.load(handle)
                        sample_by_speaker = {
                            str(item.get("speaker") or "").strip(): str(item.get("sample_text") or "").strip()
                            for item in (voice_manifest_data.get("voice_profiles") or [])
                            if str(item.get("speaker") or "").strip()
                        }
    
                        for speaker in speakers:
                            description = by_speaker.get(speaker)
                            sample_text = sample_by_speaker.get(speaker)
                            assert description and sample_text
                            generate_response = requests.post(
                                f"{app_server.base_url}/api/voices/design_generate",
                                json={
                                    "speaker": speaker,
                                    "description": description,
                                    "sample_text": sample_text,
                                    "force": False,
                                },
                                timeout=900,
                            )
                            _assert_status(generate_response, 200, f"design generate {speaker}")
    
                        # Phase 3: Editor audio generation
                        run_response = requests.post(
                            f"{app_server.base_url}/api/generate_batch",
                            json={"scope": "project", "scope_mode": "project", "regenerate_all": False},
                            timeout=60,
                        )
&gt;                       _assert_status(run_response, 200, "start editor generate_batch")

app/test_e2e_full_harness_fixture_replay.py:329: 
_ _ _ _ _ _ _ _ _ _ _ _ _ _ _ _ _ _ _ _ _ _ _ _ _ _ _ _ _ _ _ _ _ _ _ _ _ _ _ _ 

response = &lt;Response [400]&gt;, expected = 200
context = 'start editor generate_batch'

    def _assert_status(response: requests.Response, expected: int, context: str) -&gt; None:
        if response.status_code != expected:
&gt;           raise AssertionError(
                f"{context} expected HTTP {expected}, got {response.status_code}. body={response.text[:1200]}"
            )
E           AssertionError: start editor generate_batch expected HTTP 200, got 400. body={"detail":"No non-empty chunks matched the requested scope"}

app/test_e2e_full_harness_fixture_replay.py:30: AssertionError</failure></testcase><testcase classname="app.test_e2e_generate_script_fixture_replay" name="test_generate_script_replays_from_captured_fixture" time="73.636"><failure message="AssertionError: Generate Script error log: Error: No script entries generated&#10;assert not True&#10; +  where True = &lt;built-in method startswith of str object at 0x10ddeeaf0&gt;('Error:')&#10; +    where &lt;built-in method startswith of str object at 0x10ddeeaf0&gt; = 'Error: No script entries generated'.startswith">def test_generate_script_replays_from_captured_fixture():
        fixture_path = os.path.join(
            SOURCE_APP_DIR,
            "test_fixtures",
            "e2e_sim",
            "lmstudio_generate_script_test_book.json",
        )
        assert os.path.exists(fixture_path), f"Missing fixture: {fixture_path}"
    
        with open(fixture_path, "r", encoding="utf-8") as handle:
            fixture = json.load(handle)
        assert isinstance(fixture, dict)
    
        model_name = str(((fixture.get("metadata") or {}).get("model_name") or "").strip() or "google/gemma-4-26b-a4b")
    
        with LMStudioSimServer(fixture_path) as lm_server:
            with _IsolatedServer() as app_server:
                setup_payload = {
                    "llm": {
                        "base_url": f"{lm_server.base_url}/v1",
                        "api_key": "local",
                        "model_name": model_name,
                        "llm_workers": 1,
                    },
                    "generation": {
                        "chunk_size": 600,
                        "max_tokens": 1024,
                        "temperature": 0.2,
                        "top_p": 0.9,
                        "top_k": 20,
                        "min_p": 0.0,
                        "presence_penalty": 0.0,
                        "banned_tokens": [],
                        "merge_narrators": False,
                        "orphaned_text_to_narrator_on_repair": True,
                        "legacy_mode": False,
                        "temperament_words": 150,
                    },
                }
                response = requests.post(f"{app_server.base_url}/api/config/setup", json=setup_payload, timeout=60)
                _assert_status(response, 200, "setup config")
    
                config_response = requests.get(f"{app_server.base_url}/api/config", timeout=30)
                _assert_status(config_response, 200, "get config")
                config_payload = config_response.json()
                scripts_config_path = os.path.join(app_server.app_dir, "scripts", "config.json")
                with open(scripts_config_path, "w", encoding="utf-8") as handle:
                    json.dump(
                        {
                            "llm": setup_payload["llm"],
                            "generation": setup_payload["generation"],
                            "prompts": config_payload.get("prompts") or {},
                        },
                        handle,
                        ensure_ascii=False,
                        indent=2,
                    )
    
                book_path = os.path.join(SOURCE_APP_DIR, "test_fixtures", "files", "test_book.epub")
                with open(book_path, "rb") as handle:
                    files = {"file": ("test_book.epub", io.BytesIO(handle.read()), "application/epub+zip")}
                    upload_response = requests.post(f"{app_server.base_url}/api/upload", files=files, timeout=120)
                _assert_status(upload_response, 200, "upload book")
    
                start_response = requests.post(f"{app_server.base_url}/api/generate_script", json={}, timeout=60)
                _assert_status(start_response, 200, "start generate script")
    
                status_payload = _poll_task(app_server.base_url, "script")
                logs = [str(item) for item in (status_payload or {}).get("logs") or []]
                for line in logs:
                    lower = line.lower()
&gt;                   assert not line.startswith("Error:"), f"Generate Script error log: {line}"
E                   AssertionError: Generate Script error log: Error: No script entries generated
E                   assert not True
E                    +  where True = &lt;built-in method startswith of str object at 0x10ddeeaf0&gt;('Error:')
E                    +    where &lt;built-in method startswith of str object at 0x10ddeeaf0&gt; = 'Error: No script entries generated'.startswith

app/test_e2e_generate_script_fixture_replay.py:206: AssertionError</failure></testcase><testcase classname="app.test_e2e_sim_resources" name="test_simulator_resources_cover_llm_and_local_qwen_paths" time="2.641" /><testcase classname="app.test_e2e_sim_server" name="test_scripted_queue_matches_partial_payload_and_tracks_pending" time="0.000" /><testcase classname="app.test_e2e_sim_server" name="test_lmstudio_sim_server_streams_scripted_events" time="0.508" /><testcase classname="app.test_e2e_stage1_script_ui" name="test_e2e_stage1_script_nonlegacy_ui_only" time="10.142" /><testcase classname="app.test_e2e_stage1_script_ui" name="test_e2e_stage2_voices_nonlegacy_ui_only" time="17.478" /><testcase classname="app.test_e2e_stage1_script_ui" name="test_e2e_stage3_editor_render_pending_nonlegacy_ui_only" time="30.993" /><testcase classname="app.test_e2e_stage1_script_ui" name="test_e2e_stage4_proofread_nonlegacy_ui_only" time="32.077" /><testcase classname="app.test_e2e_stage1_script_ui" name="test_e2e_stage5_export_merged_nonlegacy_ui_only" time="45.163" /><testcase classname="app.test_e2e_voice_profile_fixture_replay" name="test_voice_profile_fixtures_replay" time="76.103"><failure message="AssertionError: script error: Error: No script entries generated&#10;assert not True&#10; +  where True = &lt;built-in method startswith of str object at 0x10cad9dd0&gt;('Error:')&#10; +    where &lt;built-in method startswith of str object at 0x10cad9dd0&gt; = 'Error: No script entries generated'.startswith">def test_voice_profile_fixtures_replay():
        fixtures_dir = os.path.join(SOURCE_APP_DIR, "test_fixtures", "e2e_sim")
        script_fixture = os.path.join(fixtures_dir, "lmstudio_generate_script_test_book.json")
        voice_llm_fixture = os.path.join(fixtures_dir, "lmstudio_voice_profiles_test_book.json")
        qwen_fixture = os.path.join(fixtures_dir, "qwen_local_voice_profiles_test_book.json")
        manifest_path = os.path.join(fixtures_dir, "voice_profiles_test_book_manifest.json")
        book_path = os.path.join(SOURCE_APP_DIR, "test_fixtures", "files", "test_book.epub")
    
        assert os.path.exists(script_fixture), f"Missing fixture: {script_fixture}"
        assert os.path.exists(voice_llm_fixture), f"Missing fixture: {voice_llm_fixture}"
        assert os.path.exists(qwen_fixture), f"Missing fixture: {qwen_fixture}"
        assert os.path.exists(manifest_path), f"Missing fixture: {manifest_path}"
        assert os.path.exists(book_path), f"Missing source: {book_path}"
    
        with open(script_fixture, "r", encoding="utf-8") as handle:
            script_payload = json.load(handle)
        with open(voice_llm_fixture, "r", encoding="utf-8") as handle:
            voice_payload = json.load(handle)
        with open(manifest_path, "r", encoding="utf-8") as handle:
            manifest = json.load(handle)
    
        script_model = str(((script_payload.get("metadata") or {}).get("model_name") or "").strip())
        voice_model = str(((voice_payload.get("metadata") or {}).get("model_name") or "").strip())
        speakers = [str(value).strip() for value in (manifest.get("speakers") or []) if str(value).strip()]
        assert script_model
        assert voice_model
        assert speakers
    
        with tempfile.TemporaryDirectory(prefix="threadspeak_voice_profile_report_") as report_root:
            qwen_report = os.path.join(report_root, "qwen-report.json")
    
            with LMStudioSimServer(script_fixture) as script_server:
                with LMStudioSimServer(voice_llm_fixture) as voice_server:
                    with _IsolatedServer(
                        env_overrides={
                            "THREADSPEAK_E2E_SIM_ENABLED": "1",
                            "THREADSPEAK_E2E_QWEN_FIXTURE": qwen_fixture,
                            "THREADSPEAK_E2E_QWEN_REPORT_PATH": qwen_report,
                            "THREADSPEAK_E2E_SIM_STRICT": "1",
                        }
                    ) as app_server:
                        setup_script = {
                            "llm": {
                                "base_url": f"{script_server.base_url}/v1",
                                "api_key": "local",
                                "model_name": script_model,
                                "llm_workers": 1,
                            },
                            "tts": {
                                "mode": "local",
                                "local_backend": "qwen",
                                "device": "cpu",
                                "language": "English",
                            },
                            "generation": {
                                "chunk_size": 600,
                                "max_tokens": 1024,
                                "temperature": 0.2,
                                "top_p": 0.9,
                                "top_k": 20,
                                "min_p": 0.0,
                                "presence_penalty": 0.0,
                                "banned_tokens": [],
                            },
                        }
                        response = requests.post(f"{app_server.base_url}/api/config/setup", json=setup_script, timeout=60)
                        _assert_status(response, 200, "setup script phase")
                        _sync_scripts_config(app_server.base_url, app_server.app_dir, setup_script)
    
                        with open(book_path, "rb") as handle:
                            files = {"file": ("test_book.epub", io.BytesIO(handle.read()), "application/epub+zip")}
                            upload_response = requests.post(f"{app_server.base_url}/api/upload", files=files, timeout=120)
                        _assert_status(upload_response, 200, "upload")
    
                        start_response = requests.post(f"{app_server.base_url}/api/generate_script", json={}, timeout=60)
                        _assert_status(start_response, 200, "start generate script")
                        script_status = _poll_task(app_server.base_url, "script")
                        logs = [str(item) for item in (script_status or {}).get("logs") or []]
                        for line in logs:
                            lower = line.lower()
&gt;                           assert not line.startswith("Error:"), f"script error: {line}"
E                           AssertionError: script error: Error: No script entries generated
E                           assert not True
E                            +  where True = &lt;built-in method startswith of str object at 0x10cad9dd0&gt;('Error:')
E                            +    where &lt;built-in method startswith of str object at 0x10cad9dd0&gt; = 'Error: No script entries generated'.startswith

app/test_e2e_voice_profile_fixture_replay.py:234: AssertionError</failure></testcase></testsuite></testsuites>